<?xml version="1.0" encoding="UTF-8"?>
<!-- Generated by org.testng.reporters.JUnitReportReporter -->
<testsuite hostname="hive-07" name="SMPANPUMA.PUMATest.Android_PumaTests" tests="10" failures="0" timestamp="10 Aug 2017 05:13:59 GMT" time="586.722" errors="0">
  <testcase name="Pause_VideoOnDemand" time="24.942" classname="SMPANPUMA.PUMATest.Android_PumaTests"/>
  <testcase name="TurningSubtilte_ON" time="0.830" classname="SMPANPUMA.PUMATest.Android_PumaTests"/>
  <testcase name="OpenAvtest" time="2.263" classname="SMPANPUMA.PUMATest.Android_PumaTests"/>
  <testcase name="Play_AudioOnDemand" time="78.447" classname="SMPANPUMA.PUMATest.Android_PumaTests"/>
  <testcase name="getDeviceDetails" time="0.007" classname="SMPANPUMA.PUMATest.Android_PumaTests"/>
  <testcase name="CheckingPlayback_AOD" time="146.252" classname="SMPANPUMA.PUMATest.Android_PumaTests"/>
  <testcase name="setUp" time="32.260" classname="SMPANPUMA.PUMATest.Android_PumaTests"/>
  <testcase name="Play_VideoOnDemand" time="171.069" classname="SMPANPUMA.PUMATest.Android_PumaTests"/>
  <testcase name="CheckingPlayback_VOD" time="105.287" classname="SMPANPUMA.PUMATest.Android_PumaTests"/>
  <testcase name="Pause_AudiooOnDemand" time="25.365" classname="SMPANPUMA.PUMATest.Android_PumaTests"/>
</testsuite> <!-- SMPANPUMA.PUMATest.Android_PumaTests -->
